<?xml version="1.0" encoding="UTF-8" ?>
<testsuite tests="3" failures="1" name="TestSuite" time="0.273" errors="0" skipped="0">
  <properties>
[...]
</properties>
  <testcase classname="asistente.AppTest" name="main" time="0.206"/>
  <testcase classname="asistente.OliverTest" name="prueba" time="0.022"/>
  <testcase classname="asistente.OliverTest" name="prueba2" time="0.045">
    <failure message="expected [3] but found [4]" type="java.lang.AssertionError">java.lang.AssertionError: expected [3] but found [4]
	at org.testng.Assert.fail(Assert.java:99)
	at org.testng.Assert.failNotEquals(Assert.java:1037)
	at org.testng.Assert.assertEqualsImpl(Assert.java:140)
	at org.testng.Assert.assertEquals(Assert.java:122)
	at org.testng.Assert.assertEquals(Assert.java:907)
	at org.testng.Assert.assertEquals(Assert.java:917)
	at asistente.OliverTest.prueba2(OliverTest.java:57)
</failure>
  </testcase>
</testsuite>